<?xml version="1.0" encoding="UTF-8"?>
<robot generator="Robot 6.1.1 (Python 3.12.0 on win32)" generated="20231103 18:10:03.332" rpa="false" schemaversion="4">
<suite id="s1" name="Rpa3" source="C:\Users\LENOVO\PycharmProjects\Rpa3">
<suite id="s1-s1" name="BD" source="C:\Users\LENOVO\PycharmProjects\Rpa3\BD">
<suite id="s1-s1-s1" name="Excel BD" source="C:\Users\LENOVO\PycharmProjects\Rpa3\BD\Excel_BD.robot">
<test id="s1-s1-s1-t1" name="Extract and Insert Data" line="13">
<kw name="Open Excel">
<arg>${Excel_File}</arg>
<msg timestamp="20231103 18:10:03.402" level="FAIL">No keyword with name 'Open Excel' found.</msg>
<status status="FAIL" starttime="20231103 18:10:03.402" endtime="20231103 18:10:03.402"/>
</kw>
<kw name="Read Excel">
<var>${data}</var>
<arg>Bd</arg>
<status status="NOT RUN" starttime="20231103 18:10:03.407" endtime="20231103 18:10:03.407"/>
</kw>
<kw name="Close Excel">
<status status="NOT RUN" starttime="20231103 18:10:03.408" endtime="20231103 18:10:03.408"/>
</kw>
<kw name="Connect to Database">
<arg>${Database_Driver}</arg>
<arg>${Database_URL}</arg>
<arg>${Database_User}</arg>
<arg>${Database_Password}</arg>
<status status="NOT RUN" starttime="20231103 18:10:03.411" endtime="20231103 18:10:03.411"/>
</kw>
<kw name="Execute Sql String">
<arg>INSERT INTO test2 (id, Nom, Prenoms, Sexe) VALUES (${id}, '${Nom}', '${Prenoms}', '${Sexe}')</arg>
<arg>${data}</arg>
<status status="NOT RUN" starttime="20231103 18:10:03.413" endtime="20231103 18:10:03.413"/>
</kw>
<kw name="Close All Database Connections">
<status status="NOT RUN" starttime="20231103 18:10:03.416" endtime="20231103 18:10:03.416"/>
</kw>
<status status="FAIL" starttime="20231103 18:10:03.399" endtime="20231103 18:10:03.417">No keyword with name 'Open Excel' found.</status>
</test>
<status status="FAIL" starttime="20231103 18:10:03.382" endtime="20231103 18:10:03.420"/>
</suite>
<suite id="s1-s1-s2" name="Extraction" source="C:\Users\LENOVO\PycharmProjects\Rpa3\BD\Extraction.robot">
<test id="s1-s1-s2-t1" name="Extract Data From A to B" line="19">
<kw name="Connect To Database" library="DatabaseLibrary">
<arg>pymysql</arg>
<arg>${DB_A_NAME}</arg>
<arg>${DB_A_USER}</arg>
<arg>${DB_A_PASSWORD}</arg>
<arg>${DB_A_HOST}</arg>
<arg>${DB_A_PORT}</arg>
<doc>Loads the DB API 2.0 module given `dbapiModuleName` then uses it to
connect to the database using `dbName`, `dbUsername`, and `dbPassword`.</doc>
<msg timestamp="20231103 18:10:03.495" level="INFO">Connecting using : pymysql.connect(db=test1, user=root, passwd=***, host=localhost, port=3306, charset=None) </msg>
<msg timestamp="20231103 18:10:07.660" level="FAIL">OperationalError: (2003, "Can't connect to MySQL server on 'localhost' ([WinError 10061] Aucune connexion n’a pu être établie car l’ordinateur cible l’a expressément refusée)")</msg>
<status status="FAIL" starttime="20231103 18:10:03.456" endtime="20231103 18:10:07.664"/>
</kw>
<kw name="Query" library="DatabaseLibrary">
<var>${results}</var>
<arg>SELECT * FROM Etudiants</arg>
<doc>Uses the input `selectStatement` to query for the values that will be returned as a list of tuples. Set optional
input `sansTran` to True to run command without an explicit transaction commit or rollback.
Set optional input `returnAsDict` to True to return values as a list of dictionaries.</doc>
<status status="NOT RUN" starttime="20231103 18:10:07.665" endtime="20231103 18:10:07.665"/>
</kw>
<kw name="Disconnect From Database" library="DatabaseLibrary">
<doc>Disconnects from the database.
By default it's not an error if there was no open database connection -
suitable for usage as a teardown.
However you can enforce it using the `error_if_no_connection` parameter.</doc>
<status status="NOT RUN" starttime="20231103 18:10:07.665" endtime="20231103 18:10:07.665"/>
</kw>
<kw name="Connect To Database" library="DatabaseLibrary">
<arg>pymysql</arg>
<arg>${DB_B_NAME}</arg>
<arg>${DB_B_USER}</arg>
<arg>${DB_B_PASSWORD}</arg>
<arg>${DB_B_HOST}</arg>
<arg>${DB_B_PORT}</arg>
<doc>Loads the DB API 2.0 module given `dbapiModuleName` then uses it to
connect to the database using `dbName`, `dbUsername`, and `dbPassword`.</doc>
<status status="NOT RUN" starttime="20231103 18:10:07.665" endtime="20231103 18:10:07.665"/>
</kw>
<for flavor="IN">
<var>${row}</var>
<value>@{results}</value>
<iter>
<var name="${row}"/>
<kw name="Set Variable" library="BuiltIn">
<var>${id}</var>
<arg>${row[0]}</arg>
<doc>Returns the given values which can then be assigned to a variables.</doc>
<status status="NOT RUN" starttime="20231103 18:10:07.666" endtime="20231103 18:10:07.666"/>
</kw>
<kw name="Set Variable" library="BuiltIn">
<var>${Nom}</var>
<arg>${row[1]}</arg>
<doc>Returns the given values which can then be assigned to a variables.</doc>
<status status="NOT RUN" starttime="20231103 18:10:07.666" endtime="20231103 18:10:07.666"/>
</kw>
<kw name="Set Variable" library="BuiltIn">
<var>${Prenoms}</var>
<arg>${row[2]}</arg>
<doc>Returns the given values which can then be assigned to a variables.</doc>
<status status="NOT RUN" starttime="20231103 18:10:07.666" endtime="20231103 18:10:07.666"/>
</kw>
<kw name="Set Variable" library="BuiltIn">
<var>${Sexe}</var>
<arg>${row[3]}</arg>
<doc>Returns the given values which can then be assigned to a variables.</doc>
<status status="NOT RUN" starttime="20231103 18:10:07.666" endtime="20231103 18:10:07.666"/>
</kw>
<kw name="Execute Sql String" library="DatabaseLibrary">
<arg>INSERT INTO test2 (id, Nom, Prenoms, Sexe) VALUES (${id}, '${Nom}', '${Prenoms}', '${Sexe}')</arg>
<doc>Executes the sqlString as SQL commands. Useful to pass arguments to your sql. Set optional input `sansTran` to
True to run command without an explicit transaction commit or rollback.</doc>
<status status="NOT RUN" starttime="20231103 18:10:07.666" endtime="20231103 18:10:07.666"/>
</kw>
<status status="NOT RUN" starttime="20231103 18:10:07.666" endtime="20231103 18:10:07.666"/>
</iter>
<status status="NOT RUN" starttime="20231103 18:10:07.665" endtime="20231103 18:10:07.666"/>
</for>
<kw name="Disconnect From Database" library="DatabaseLibrary">
<doc>Disconnects from the database.
By default it's not an error if there was no open database connection -
suitable for usage as a teardown.
However you can enforce it using the `error_if_no_connection` parameter.</doc>
<status status="NOT RUN" starttime="20231103 18:10:07.666" endtime="20231103 18:10:07.666"/>
</kw>
<status status="FAIL" starttime="20231103 18:10:03.455" endtime="20231103 18:10:07.666">OperationalError: (2003, "Can't connect to MySQL server on 'localhost' ([WinError 10061] Aucune connexion n’a pu être établie car l’ordinateur cible l’a expressément refusée)")</status>
</test>
<doc>Extraire fichier d'une BD A vers une BD B</doc>
<status status="FAIL" starttime="20231103 18:10:03.422" endtime="20231103 18:10:07.668"/>
</suite>
<status status="FAIL" starttime="20231103 18:10:03.376" endtime="20231103 18:10:07.669"/>
</suite>
<suite id="s1-s2" name="Test" source="C:\Users\LENOVO\PycharmProjects\Rpa3\Test.robot">
<test id="s1-s2-t1" name="test case" line="11">
<kw name="Ouvrir navigateur">
<kw name="Open Browser" library="SeleniumLibrary">
<arg>https://www.google.com/</arg>
<arg>firefox</arg>
<doc>Opens a new browser instance to the optional ``url``.</doc>
<msg timestamp="20231103 18:10:08.422" level="INFO">Opening browser 'firefox' to base url 'https://www.google.com/'.</msg>
<status status="PASS" starttime="20231103 18:10:08.421" endtime="20231103 18:10:19.083"/>
</kw>
<kw name="Page Should Contain" library="SeleniumLibrary">
<arg>Google</arg>
<doc>Verifies that current page contains ``text``.</doc>
<msg timestamp="20231103 18:10:19.100" level="INFO">Current page contains text 'Google'.</msg>
<status status="PASS" starttime="20231103 18:10:19.083" endtime="20231103 18:10:19.100"/>
</kw>
<kw name="Maximize Browser Window" library="SeleniumLibrary">
<doc>Maximizes current browser window.</doc>
<status status="PASS" starttime="20231103 18:10:19.100" endtime="20231103 18:10:19.380"/>
</kw>
<kw name="Input Text" library="SeleniumLibrary">
<arg>//*[@id="APjFqb"]</arg>
<arg>orangehrm testing</arg>
<doc>Types the given ``text`` into the text field identified by ``locator``.</doc>
<msg timestamp="20231103 18:10:19.383" level="INFO">Typing text 'orangehrm testing' into text field '//*[@id="APjFqb"]'.</msg>
<status status="PASS" starttime="20231103 18:10:19.382" endtime="20231103 18:10:19.467"/>
</kw>
<kw name="Mouse Down" library="SeleniumLibrary">
<arg>class=CcAdNb</arg>
<doc>Simulates pressing the left mouse button on the element ``locator``.</doc>
<msg timestamp="20231103 18:10:19.467" level="INFO">Simulating Mouse Down on element 'class=CcAdNb'.</msg>
<status status="PASS" starttime="20231103 18:10:19.467" endtime="20231103 18:10:19.749"/>
</kw>
<kw name="Mouse Up" library="SeleniumLibrary">
<arg>class=CcAdNb</arg>
<doc>Simulates releasing the left mouse button on the element ``locator``.</doc>
<msg timestamp="20231103 18:10:19.749" level="INFO">Simulating Mouse Up on element 'class=CcAdNb'.</msg>
<status status="PASS" starttime="20231103 18:10:19.749" endtime="20231103 18:10:20.032"/>
</kw>
<kw name="Click Button" library="SeleniumLibrary">
<arg>name=btnK</arg>
<doc>Clicks the button identified by ``locator``.</doc>
<msg timestamp="20231103 18:10:20.032" level="INFO">Clicking button 'name=btnK'.</msg>
<status status="PASS" starttime="20231103 18:10:20.032" endtime="20231103 18:10:21.755"/>
</kw>
<kw name="Sleep" library="BuiltIn">
<arg>5</arg>
<doc>Pauses the test executed for the given time.</doc>
<msg timestamp="20231103 18:10:26.756" level="INFO">Slept 5 seconds</msg>
<status status="PASS" starttime="20231103 18:10:21.755" endtime="20231103 18:10:26.756"/>
</kw>
<kw name="Click Element" library="SeleniumLibrary">
<arg>xpath=//*[@id="rso"]/div[1]/div/div/div[1]/div/div/span/a/h3</arg>
<doc>Click the element identified by ``locator``.</doc>
<msg timestamp="20231103 18:10:26.756" level="INFO">Clicking element 'xpath=//*[@id="rso"]/div[1]/div/div/div[1]/div/div/span/a/h3'.</msg>
<status status="PASS" starttime="20231103 18:10:26.756" endtime="20231103 18:10:30.893"/>
</kw>
<status status="PASS" starttime="20231103 18:10:08.420" endtime="20231103 18:10:30.893"/>
</kw>
<kw name="Connexion">
<kw name="Sleep" library="BuiltIn">
<arg>5</arg>
<doc>Pauses the test executed for the given time.</doc>
<msg timestamp="20231103 18:10:35.895" level="INFO">Slept 5 seconds</msg>
<status status="PASS" starttime="20231103 18:10:30.894" endtime="20231103 18:10:35.895"/>
</kw>
<kw name="Page Should Contain" library="SeleniumLibrary">
<arg>Login</arg>
<doc>Verifies that current page contains ``text``.</doc>
<msg timestamp="20231103 18:10:35.912" level="INFO">Current page contains text 'Login'.</msg>
<status status="PASS" starttime="20231103 18:10:35.895" endtime="20231103 18:10:35.912"/>
</kw>
<kw name="Input Text" library="SeleniumLibrary">
<arg>name=username</arg>
<arg>Admin</arg>
<doc>Types the given ``text`` into the text field identified by ``locator``.</doc>
<msg timestamp="20231103 18:10:35.912" level="INFO">Typing text 'Admin' into text field 'name=username'.</msg>
<status status="PASS" starttime="20231103 18:10:35.912" endtime="20231103 18:10:35.932"/>
</kw>
<kw name="Input Text" library="SeleniumLibrary">
<arg>name=password</arg>
<arg>admin123</arg>
<doc>Types the given ``text`` into the text field identified by ``locator``.</doc>
<msg timestamp="20231103 18:10:35.932" level="INFO">Typing text 'admin123' into text field 'name=password'.</msg>
<status status="PASS" starttime="20231103 18:10:35.932" endtime="20231103 18:10:35.947"/>
</kw>
<kw name="Sleep" library="BuiltIn">
<arg>2</arg>
<doc>Pauses the test executed for the given time.</doc>
<msg timestamp="20231103 18:10:37.947" level="INFO">Slept 2 seconds</msg>
<status status="PASS" starttime="20231103 18:10:35.947" endtime="20231103 18:10:37.947"/>
</kw>
<kw name="Click Button" library="SeleniumLibrary">
<arg>class=oxd-button</arg>
<doc>Clicks the button identified by ``locator``.</doc>
<msg timestamp="20231103 18:10:37.948" level="INFO">Clicking button 'class=oxd-button'.</msg>
<status status="PASS" starttime="20231103 18:10:37.947" endtime="20231103 18:10:39.123"/>
</kw>
<status status="PASS" starttime="20231103 18:10:30.894" endtime="20231103 18:10:39.123"/>
</kw>
<kw name="Capture d'ecran">
<kw name="Sleep" library="BuiltIn">
<arg>3</arg>
<doc>Pauses the test executed for the given time.</doc>
<msg timestamp="20231103 18:10:42.124" level="INFO">Slept 3 seconds</msg>
<status status="PASS" starttime="20231103 18:10:39.124" endtime="20231103 18:10:42.124"/>
</kw>
<kw name="Set Screenshot Directory" library="SeleniumLibrary">
<arg>./Resultats</arg>
<doc>Sets the directory for captured screenshots.</doc>
<msg timestamp="20231103 18:10:42.124" level="WARN">Keyword 'Set Screenshot Directory' found both from a custom library 'SeleniumLibrary' and a standard library 'Screenshot'. The custom keyword is used. To select explicitly, and to get rid of this warning, use either 'SeleniumLibrary.Set Screenshot Directory' or 'Screenshot.Set Screenshot Directory'.</msg>
<status status="PASS" starttime="20231103 18:10:42.124" endtime="20231103 18:10:42.128"/>
</kw>
<kw name="Take Screenshot" library="Screenshot">
<arg>image</arg>
<doc>Takes a screenshot in JPEG format and embeds it into the log file.</doc>
<msg timestamp="20231103 18:10:42.275" level="INFO" html="true">&lt;a href="image_5.jpg"&gt;&lt;img src="image_5.jpg" width="800px"&gt;&lt;/a&gt;</msg>
<status status="PASS" starttime="20231103 18:10:42.128" endtime="20231103 18:10:42.275"/>
</kw>
<status status="PASS" starttime="20231103 18:10:39.124" endtime="20231103 18:10:42.276"/>
</kw>
<status status="PASS" starttime="20231103 18:10:08.420" endtime="20231103 18:10:42.276"/>
</test>
<doc>Premiere page de robot framework</doc>
<status status="PASS" starttime="20231103 18:10:07.670" endtime="20231103 18:10:42.277"/>
</suite>
<status status="FAIL" starttime="20231103 18:10:03.337" endtime="20231103 18:10:42.279"/>
</suite>
<statistics>
<total>
<stat pass="1" fail="2" skip="0">All Tests</stat>
</total>
<tag>
</tag>
<suite>
<stat pass="1" fail="2" skip="0" id="s1" name="Rpa3">Rpa3</stat>
<stat pass="0" fail="2" skip="0" id="s1-s1" name="BD">Rpa3.BD</stat>
<stat pass="0" fail="1" skip="0" id="s1-s1-s1" name="Excel BD">Rpa3.BD.Excel BD</stat>
<stat pass="0" fail="1" skip="0" id="s1-s1-s2" name="Extraction">Rpa3.BD.Extraction</stat>
<stat pass="1" fail="0" skip="0" id="s1-s2" name="Test">Rpa3.Test</stat>
</suite>
</statistics>
<errors>
<msg timestamp="20231103 18:10:03.391" level="ERROR">Error in file 'C:\Users\LENOVO\PycharmProjects\Rpa3\BD\Excel_BD.robot' on line 2: Importing library 'RPA.Excel.Files' failed: ModuleNotFoundError: No module named 'RPA'
Traceback (most recent call last):
  None
PYTHONPATH:
  C:\Users\LENOVO\AppData\Local\Programs\Python\Python312\Scripts\robot.exe
  C:\Users\LENOVO\AppData\Local\Programs\Python\Python312\python312.zip
  C:\Users\LENOVO\AppData\Local\Programs\Python\Python312\DLLs
  C:\Users\LENOVO\AppData\Local\Programs\Python\Python312\Lib
  C:\Users\LENOVO\AppData\Local\Programs\Python\Python312
  C:\Users\LENOVO\AppData\Local\Programs\Python\Python312\Lib\site-packages
  C:\Users\LENOVO\AppData\Local\Programs\Python\Python312\Lib\site-packages\win32
  C:\Users\LENOVO\AppData\Local\Programs\Python\Python312\Lib\site-packages\win32\lib
  C:\Users\LENOVO\AppData\Local\Programs\Python\Python312\Lib\site-packages\Pythonwin</msg>
<msg timestamp="20231103 18:10:03.397" level="ERROR">Error in file 'C:\Users\LENOVO\PycharmProjects\Rpa3\BD\Excel_BD.robot' on line 3: Importing library 'RPA.Database' failed: ModuleNotFoundError: No module named 'RPA'
Traceback (most recent call last):
  None
PYTHONPATH:
  C:\Users\LENOVO\AppData\Local\Programs\Python\Python312\Scripts\robot.exe
  C:\Users\LENOVO\AppData\Local\Programs\Python\Python312\python312.zip
  C:\Users\LENOVO\AppData\Local\Programs\Python\Python312\DLLs
  C:\Users\LENOVO\AppData\Local\Programs\Python\Python312\Lib
  C:\Users\LENOVO\AppData\Local\Programs\Python\Python312
  C:\Users\LENOVO\AppData\Local\Programs\Python\Python312\Lib\site-packages
  C:\Users\LENOVO\AppData\Local\Programs\Python\Python312\Lib\site-packages\win32
  C:\Users\LENOVO\AppData\Local\Programs\Python\Python312\Lib\site-packages\win32\lib
  C:\Users\LENOVO\AppData\Local\Programs\Python\Python312\Lib\site-packages\Pythonwin</msg>
<msg timestamp="20231103 18:10:08.417" level="ERROR">Error in file 'C:\Users\LENOVO\PycharmProjects\Rpa3\Test.robot' on line 4: Importing library 'AutoRecorder0' failed: ModuleNotFoundError: No module named 'AutoRecorder0'
Traceback (most recent call last):
  None
PYTHONPATH:
  C:\Users\LENOVO\AppData\Local\Programs\Python\Python312\Scripts\robot.exe
  C:\Users\LENOVO\AppData\Local\Programs\Python\Python312\python312.zip
  C:\Users\LENOVO\AppData\Local\Programs\Python\Python312\DLLs
  C:\Users\LENOVO\AppData\Local\Programs\Python\Python312\Lib
  C:\Users\LENOVO\AppData\Local\Programs\Python\Python312
  C:\Users\LENOVO\AppData\Local\Programs\Python\Python312\Lib\site-packages
  C:\Users\LENOVO\AppData\Local\Programs\Python\Python312\Lib\site-packages\win32
  C:\Users\LENOVO\AppData\Local\Programs\Python\Python312\Lib\site-packages\win32\lib
  C:\Users\LENOVO\AppData\Local\Programs\Python\Python312\Lib\site-packages\Pythonwin</msg>
<msg timestamp="20231103 18:10:42.124" level="WARN">Keyword 'Set Screenshot Directory' found both from a custom library 'SeleniumLibrary' and a standard library 'Screenshot'. The custom keyword is used. To select explicitly, and to get rid of this warning, use either 'SeleniumLibrary.Set Screenshot Directory' or 'Screenshot.Set Screenshot Directory'.</msg>
</errors>
</robot>
