<?xml version="1.0" encoding="UTF-8"?>
<robot generator="Robot 6.1.1 (Python 3.12.0 on win32)" generated="20231017 16:37:00.345" rpa="false" schemaversion="4">
<suite id="s1" name="Rpa3" source="C:\Users\LENOVO\PycharmProjects\Rpa3">
<suite id="s1-s1" name="Test" source="C:\Users\LENOVO\PycharmProjects\Rpa3\Test.robot">
<test id="s1-s1-t1" name="test case" line="8">
<kw name="Ouvrir navigateur">
<kw name="Open Browser" library="SeleniumLibrary">
<arg>https://www.google.com/</arg>
<arg>firefox</arg>
<doc>Opens a new browser instance to the optional ``url``.</doc>
<msg timestamp="20231017 16:37:00.599" level="INFO">Opening browser 'firefox' to base url 'https://www.google.com/'.</msg>
<status status="PASS" starttime="20231017 16:37:00.599" endtime="20231017 16:37:11.310"/>
</kw>
<kw name="Page Should Contain" library="SeleniumLibrary">
<arg>Google</arg>
<doc>Verifies that current page contains ``text``.</doc>
<msg timestamp="20231017 16:37:11.324" level="INFO">Current page contains text 'Google'.</msg>
<status status="PASS" starttime="20231017 16:37:11.311" endtime="20231017 16:37:11.324"/>
</kw>
<kw name="Sleep" library="BuiltIn">
<arg>5</arg>
<doc>Pauses the test executed for the given time.</doc>
<msg timestamp="20231017 16:37:16.325" level="INFO">Slept 5 seconds</msg>
<status status="PASS" starttime="20231017 16:37:11.324" endtime="20231017 16:37:16.325"/>
</kw>
<kw name="Close Browser" library="SeleniumLibrary">
<doc>Closes the current browser.</doc>
<status status="PASS" starttime="20231017 16:37:16.325" endtime="20231017 16:37:19.072"/>
</kw>
<status status="PASS" starttime="20231017 16:37:00.599" endtime="20231017 16:37:19.072"/>
</kw>
<status status="PASS" starttime="20231017 16:37:00.599" endtime="20231017 16:37:19.072"/>
</test>
<doc>Premiere page de robot framework</doc>
<status status="PASS" starttime="20231017 16:37:00.367" endtime="20231017 16:37:19.072"/>
</suite>
<status status="PASS" starttime="20231017 16:37:00.345" endtime="20231017 16:37:19.072"/>
</suite>
<statistics>
<total>
<stat pass="1" fail="0" skip="0">All Tests</stat>
</total>
<tag>
</tag>
<suite>
<stat pass="1" fail="0" skip="0" id="s1" name="Rpa3">Rpa3</stat>
<stat pass="1" fail="0" skip="0" id="s1-s1" name="Test">Rpa3.Test</stat>
</suite>
</statistics>
<errors>
</errors>
</robot>
